==4701== NVPROF is profiling process 4701, command: release/tests/test_optimized_kernels --nx=100 --ny=100 --nz=256 --px=1 --py=1 --input=profile/run_100_100_256 --nt=1
==4701== Profiling application: release/tests/test_optimized_kernels --nx=100 --ny=100 --nz=256 --px=1 --py=1 --input=profile/run_100_100_256 --nt=1
==4701== Profiling result:
            Type  Time      Time     Calls       Avg       Min       Max  Name
 GPU activities:   84.69%  24.124ms         3  8.0414ms  1.9990ms  20.119ms  dtopo_vel_111
                    7.01%  1.9959ms         2  997.96us  27.425us  1.9685ms  dtopo_buf_vel_111
                    5.14%  1.4639ms         3  487.96us  322.54us  800.77us  dtopo_vel_112
                    3.16%  899.94us         2  449.97us  332.81us  567.12us  dtopo_buf_vel_112
      API calls:   95.95%  28.517ms        11  2.5924ms  1.1770us  20.125ms  cudaDeviceSynchronize
                    4.04%  1.2011ms        10  120.11us  4.2400us  1.1353ms  cudaLaunchKernel
                    0.01%  1.5280us        10     152ns     114ns     339ns  cudaGetLastError

==4701== NVTX result:
==4701==   Thread "<unnamed>" 
==4701==     Domain "<unnamed>"
==4701==       Range "velocity_back_boundary"
            Type  Time      Time     Calls       Avg       Min       Max  Name
          Range:  100.00%  575.67us         1  575.67us  575.67us  575.67us  velocity_back_boundary
 GPU activities:  100.00%  567.12us         1  567.12us  567.12us  567.12us  dtopo_buf_vel_112
      API calls:  100.00%  5.1640us         1  5.1640us  5.1640us  5.1640us  cudaLaunchKernel

==4701==       Range "velocity_back_interior"
            Type  Time      Time     Calls       Avg       Min       Max  Name
          Range:  100.00%  36.231us         1  36.231us  36.231us  36.231us  velocity_back_interior
 GPU activities:  100.00%  27.425us         1  27.425us  27.425us  27.425us  dtopo_buf_vel_111
      API calls:  100.00%  4.5760us         1  4.5760us  4.5760us  4.5760us  cudaLaunchKernel

==4701==       Range "velocity_front_boundary"
            Type  Time      Time     Calls       Avg       Min       Max  Name
          Range:  100.00%  342.93us         1  342.93us  342.93us  342.93us  velocity_front_boundary
 GPU activities:  100.00%  332.81us         1  332.81us  332.81us  332.81us  dtopo_buf_vel_112
      API calls:  100.00%  6.2120us         1  6.2120us  6.2120us  6.2120us  cudaLaunchKernel

==4701==       Range "velocity_front_interior"
            Type  Time      Time     Calls       Avg       Min       Max  Name
          Range:  100.00%  1.9800ms         1  1.9800ms  1.9800ms  1.9800ms  velocity_front_interior
 GPU activities:  100.00%  1.9685ms         1  1.9685ms  1.9685ms  1.9685ms  dtopo_buf_vel_111
      API calls:  100.00%  7.3580us         1  7.3580us  7.3580us  7.3580us  cudaLaunchKernel

==4701==       Range "velocity_interior_back"
            Type  Time      Time     Calls       Avg       Min       Max  Name
          Range:  100.00%  2.0299ms         1  2.0299ms  2.0299ms  2.0299ms  velocity_interior_back
 GPU activities:  100.00%  2.0064ms         1  2.0064ms  2.0064ms  2.0064ms  dtopo_vel_111
      API calls:  100.00%  17.649us         1  17.649us  17.649us  17.649us  cudaLaunchKernel

==4701==       Range "velocity_interior_boundary_back"
            Type  Time      Time     Calls       Avg       Min       Max  Name
          Range:  100.00%  331.82us         1  331.82us  331.82us  331.82us  velocity_interior_boundary_back
 GPU activities:  100.00%  322.54us         1  322.54us  322.54us  322.54us  dtopo_vel_112
      API calls:  100.00%  4.2400us         1  4.2400us  4.2400us  4.2400us  cudaLaunchKernel

==4701==       Range "velocity_interior_boundary_front"
            Type  Time      Time     Calls       Avg       Min       Max  Name
          Range:  100.00%  353.73us         1  353.73us  353.73us  353.73us  velocity_interior_boundary_front
 GPU activities:  100.00%  340.59us         1  340.59us  340.59us  340.59us  dtopo_vel_112
      API calls:  100.00%  8.4040us         1  8.4040us  8.4040us  8.4040us  cudaLaunchKernel

==4701==       Range "velocity_interior_boundary_interior"
            Type  Time      Time     Calls       Avg       Min       Max  Name
          Range:  100.00%  810.03us         1  810.03us  810.03us  810.03us  velocity_interior_boundary_interior
 GPU activities:  100.00%  800.77us         1  800.77us  800.77us  800.77us  dtopo_vel_112
      API calls:  100.00%  4.9800us         1  4.9800us  4.9800us  4.9800us  cudaLaunchKernel

==4701==       Range "velocity_interior_front"
            Type  Time      Time     Calls       Avg       Min       Max  Name
          Range:  100.00%  3.1405ms         1  3.1405ms  3.1405ms  3.1405ms  velocity_interior_front
 GPU activities:  100.00%  1.9990ms         1  1.9990ms  1.9990ms  1.9990ms  dtopo_vel_111
      API calls:  100.00%  1.1353ms         1  1.1353ms  1.1353ms  1.1353ms  cudaLaunchKernel

==4701==       Range "velocity_interior_interior"
            Type  Time      Time     Calls       Avg       Min       Max  Name
          Range:  100.00%  20.135ms         1  20.135ms  20.135ms  20.135ms  velocity_interior_interior
 GPU activities:  100.00%  20.119ms         1  20.119ms  20.119ms  20.119ms  dtopo_vel_111
      API calls:  100.00%  7.1530us         1  7.1530us  7.1530us  7.1530us  cudaLaunchKernel

==4701== Generated result file: /home/ooreilly/codes/awp-opt/profile/run_100_100_256.4701
